<?xml version="1.0" encoding="UTF-8"?>
<!-- Generated by org.testng.reporters.JUnitXMLReporter -->
<testsuite ignored="0" hostname="Marcias-MBP" failures="1" tests="2" name="Test" time="2.913" errors="0" timestamp="2022-01-25T22:13:42 SGT">
  <testcase classname="com.sddevops.selenium_maven.eclipse.AppTest" name="shouldAnswerWithTrue" time="0.003"/>
  <testcase classname="com.sddevops.selenium_maven.eclipse.NewTest" name="f" time="2.894">
    <failure type="org.openqa.selenium.SessionNotCreatedException" message="session not created: This version of ChromeDriver only supports Chrome version 98
Current browser version is 97.0.4692.99 with binary path /Applications/Google Chrome.app/Contents/MacOS/Google Chrome
Build info: version: &amp;apos;3.141.59&amp;apos;, revision: &amp;apos;e82be7d358&amp;apos;, time: &amp;apos;2018-11-14T08:17:03&amp;apos;
System info: host: &amp;apos;Marcias-MBP&amp;apos;, ip: &amp;apos;fe80:0:0:0:1852:5ce6:dc16:f7dd%en0&amp;apos;, os.name: &amp;apos;Mac OS X&amp;apos;, os.arch: &amp;apos;aarch64&amp;apos;, os.version: &amp;apos;11.4&amp;apos;, java.version: &amp;apos;17.0.1&amp;apos;
Driver info: driver.version: ChromeDriver
remote stacktrace: 0   chromedriver                        0x0000000102f9b310 chromedriver + 4436752
1   chromedriver                        0x0000000102f3103c chromedriver + 4001852
2   chromedriver                        0x0000000102b8630c chromedriver + 156428
3   chromedriver                        0x0000000102ba8038 chromedriver + 294968
4   chromedriver                        0x0000000102ba4a84 chromedriver + 281220
5   chromedriver                        0x0000000102ba1ae0 chromedriver + 269024
6   chromedriver                        0x0000000102bd2c40 chromedriver + 470080
7   chromedriver                        0x0000000102baa6b4 chromedriver + 304820
8   chromedriver                        0x0000000102f5ddd0 chromedriver + 4185552
9   chromedriver                        0x0000000102f73eb4 chromedriver + 4275892
10  chromedriver                        0x0000000102f78b94 chromedriver + 4295572
11  chromedriver                        0x0000000102f746fc chromedriver + 4278012
12  chromedriver                        0x0000000102f53c34 chromedriver + 4144180
13  chromedriver                        0x0000000102f8d7f4 chromedriver + 4380660
14  chromedriver                        0x0000000102f8d968 chromedriver + 4381032
15  chromedriver                        0x0000000102fa1c54 chromedriver + 4463700
16  libsystem_pthread.dylib             0x000000019e243878 _pthread_start + 320
17  libsystem_pthread.dylib             0x000000019e23e5e0 thread_start + 8
">
      <![CDATA[org.openqa.selenium.SessionNotCreatedException: session not created: This version of ChromeDriver only supports Chrome version 98
Current browser version is 97.0.4692.99 with binary path /Applications/Google Chrome.app/Contents/MacOS/Google Chrome
Build info: version: '3.141.59', revision: 'e82be7d358', time: '2018-11-14T08:17:03'
System info: host: 'Marcias-MBP', ip: 'fe80:0:0:0:1852:5ce6:dc16:f7dd%en0', os.name: 'Mac OS X', os.arch: 'aarch64', os.version: '11.4', java.version: '17.0.1'
Driver info: driver.version: ChromeDriver
remote stacktrace: 0   chromedriver                        0x0000000102f9b310 chromedriver + 4436752
1   chromedriver                        0x0000000102f3103c chromedriver + 4001852
2   chromedriver                        0x0000000102b8630c chromedriver + 156428
3   chromedriver                        0x0000000102ba8038 chromedriver + 294968
4   chromedriver                        0x0000000102ba4a84 chromedriver + 281220
5   chromedriver                        0x0000000102ba1ae0 chromedriver + 269024
6   chromedriver                        0x0000000102bd2c40 chromedriver + 470080
7   chromedriver                        0x0000000102baa6b4 chromedriver + 304820
8   chromedriver                        0x0000000102f5ddd0 chromedriver + 4185552
9   chromedriver                        0x0000000102f73eb4 chromedriver + 4275892
10  chromedriver                        0x0000000102f78b94 chromedriver + 4295572
11  chromedriver                        0x0000000102f746fc chromedriver + 4278012
12  chromedriver                        0x0000000102f53c34 chromedriver + 4144180
13  chromedriver                        0x0000000102f8d7f4 chromedriver + 4380660
14  chromedriver                        0x0000000102f8d968 chromedriver + 4381032
15  chromedriver                        0x0000000102fa1c54 chromedriver + 4463700
16  libsystem_pthread.dylib             0x000000019e243878 _pthread_start + 320
17  libsystem_pthread.dylib             0x000000019e23e5e0 thread_start + 8

at org.openqa.selenium.remote.W3CHandshakeResponse.lambda$errorHandler$0(W3CHandshakeResponse.java:62)
at org.openqa.selenium.remote.HandshakeResponse.lambda$getResponseFunction$0(HandshakeResponse.java:30)
at org.openqa.selenium.remote.ProtocolHandshake.lambda$createSession$0(ProtocolHandshake.java:126)
at java.base/java.util.stream.ReferencePipeline$3$1.accept(ReferencePipeline.java:197)
at java.base/java.util.Spliterators$ArraySpliterator.tryAdvance(Spliterators.java:1002)
at java.base/java.util.stream.ReferencePipeline.forEachWithCancel(ReferencePipeline.java:129)
at java.base/java.util.stream.AbstractPipeline.copyIntoWithCancel(AbstractPipeline.java:527)
at java.base/java.util.stream.AbstractPipeline.copyInto(AbstractPipeline.java:513)
at java.base/java.util.stream.AbstractPipeline.wrapAndCopyInto(AbstractPipeline.java:499)
at java.base/java.util.stream.FindOps$FindOp.evaluateSequential(FindOps.java:150)
at java.base/java.util.stream.AbstractPipeline.evaluate(AbstractPipeline.java:234)
at java.base/java.util.stream.ReferencePipeline.findFirst(ReferencePipeline.java:647)
at org.openqa.selenium.remote.ProtocolHandshake.createSession(ProtocolHandshake.java:128)
at org.openqa.selenium.remote.ProtocolHandshake.createSession(ProtocolHandshake.java:74)
at org.openqa.selenium.remote.HttpCommandExecutor.execute(HttpCommandExecutor.java:136)
at org.openqa.selenium.remote.service.DriverCommandExecutor.execute(DriverCommandExecutor.java:83)
at org.openqa.selenium.remote.RemoteWebDriver.execute(RemoteWebDriver.java:552)
at org.openqa.selenium.remote.RemoteWebDriver.startSession(RemoteWebDriver.java:213)
at org.openqa.selenium.remote.RemoteWebDriver.<init>(RemoteWebDriver.java:131)
at org.openqa.selenium.chrome.ChromeDriver.<init>(ChromeDriver.java:181)
at org.openqa.selenium.chrome.ChromeDriver.<init>(ChromeDriver.java:168)
at org.openqa.selenium.chrome.ChromeDriver.<init>(ChromeDriver.java:123)
at com.sddevops.selenium_maven.eclipse.NewTest.f(NewTest.java:13)
at java.base/java.util.ArrayList.forEach(ArrayList.java:1511)
... Removed 32 stack frames]]>
    </failure>
  </testcase> <!-- f -->
</testsuite> <!-- Test -->
